# IPython log file

In []: import matplotlib.pyplot as plt
In []: a = randn(10000)
In []: plt.hist(a)
In []: plt.show()
import matplotlib.pyplot as plt
a = randn(10000)
plt.hist(a)
#[Out]# (array([   22.,   107.,   554.,  1606.,  2615.,  2681.,  1684.,   603.,
#[Out]#          109.,    19.]), array([-3.67813802, -2.94556399, -2.21298996, -1.48041593, -0.7478419 ,
#[Out]#        -0.01526787,  0.71730616,  1.44988019,  2.18245422,  2.91502825,
#[Out]#         3.64760228]), <a list of 10 Patch objects>)
plt.show()
plt.show()
plt.hist(a)
#[Out]# (array([   22.,   107.,   554.,  1606.,  2615.,  2681.,  1684.,   603.,
#[Out]#          109.,    19.]), array([-3.67813802, -2.94556399, -2.21298996, -1.48041593, -0.7478419 ,
#[Out]#        -0.01526787,  0.71730616,  1.44988019,  2.18245422,  2.91502825,
#[Out]#         3.64760228]), <a list of 10 Patch objects>)
plt.show()
plt.hist(a)
#[Out]# (array([   22.,   107.,   554.,  1606.,  2615.,  2681.,  1684.,   603.,
#[Out]#          109.,    19.]), array([-3.67813802, -2.94556399, -2.21298996, -1.48041593, -0.7478419 ,
#[Out]#        -0.01526787,  0.71730616,  1.44988019,  2.18245422,  2.91502825,
#[Out]#         3.64760228]), <a list of 10 Patch objects>)
plt.hist(a)
#[Out]# (array([   22.,   107.,   554.,  1606.,  2615.,  2681.,  1684.,   603.,
#[Out]#          109.,    19.]), array([-3.67813802, -2.94556399, -2.21298996, -1.48041593, -0.7478419 ,
#[Out]#        -0.01526787,  0.71730616,  1.44988019,  2.18245422,  2.91502825,
#[Out]#         3.64760228]), <a list of 10 Patch objects>)
plt.hist(a)
#[Out]# (array([   22.,   107.,   554.,  1606.,  2615.,  2681.,  1684.,   603.,
#[Out]#          109.,    19.]), array([-3.67813802, -2.94556399, -2.21298996, -1.48041593, -0.7478419 ,
#[Out]#        -0.01526787,  0.71730616,  1.44988019,  2.18245422,  2.91502825,
#[Out]#         3.64760228]), <a list of 10 Patch objects>)
plt.hist(a)
#[Out]# (array([   22.,   107.,   554.,  1606.,  2615.,  2681.,  1684.,   603.,
#[Out]#          109.,    19.]), array([-3.67813802, -2.94556399, -2.21298996, -1.48041593, -0.7478419 ,
#[Out]#        -0.01526787,  0.71730616,  1.44988019,  2.18245422,  2.91502825,
#[Out]#         3.64760228]), <a list of 10 Patch objects>)
plt.hist(a)
plt.hist(a)
plt.hist(a)
#[Out]# (array([   22.,   107.,   554.,  1606.,  2615.,  2681.,  1684.,   603.,
#[Out]#          109.,    19.]), array([-3.67813802, -2.94556399, -2.21298996, -1.48041593, -0.7478419 ,
#[Out]#        -0.01526787,  0.71730616,  1.44988019,  2.18245422,  2.91502825,
#[Out]#         3.64760228]), <a list of 10 Patch objects>)
plt.hist(a)
#[Out]# (array([   22.,   107.,   554.,  1606.,  2615.,  2681.,  1684.,   603.,
#[Out]#          109.,    19.]), array([-3.67813802, -2.94556399, -2.21298996, -1.48041593, -0.7478419 ,
#[Out]#        -0.01526787,  0.71730616,  1.44988019,  2.18245422,  2.91502825,
#[Out]#         3.64760228]), <a list of 10 Patch objects>)
plt.hist(a)
#[Out]# (array([   22.,   107.,   554.,  1606.,  2615.,  2681.,  1684.,   603.,
#[Out]#          109.,    19.]), array([-3.67813802, -2.94556399, -2.21298996, -1.48041593, -0.7478419 ,
#[Out]#        -0.01526787,  0.71730616,  1.44988019,  2.18245422,  2.91502825,
#[Out]#         3.64760228]), <a list of 10 Patch objects>)
plt.hist(a)
#[Out]# (array([   22.,   107.,   554.,  1606.,  2615.,  2681.,  1684.,   603.,
#[Out]#          109.,    19.]), array([-3.67813802, -2.94556399, -2.21298996, -1.48041593, -0.7478419 ,
#[Out]#        -0.01526787,  0.71730616,  1.44988019,  2.18245422,  2.91502825,
#[Out]#         3.64760228]), <a list of 10 Patch objects>)
plt.hist(a)
#[Out]# (array([   22.,   107.,   554.,  1606.,  2615.,  2681.,  1684.,   603.,
#[Out]#          109.,    19.]), array([-3.67813802, -2.94556399, -2.21298996, -1.48041593, -0.7478419 ,
#[Out]#        -0.01526787,  0.71730616,  1.44988019,  2.18245422,  2.91502825,
#[Out]#         3.64760228]), <a list of 10 Patch objects>)
plt.hist(a)
#[Out]# (array([   22.,   107.,   554.,  1606.,  2615.,  2681.,  1684.,   603.,
#[Out]#          109.,    19.]), array([-3.67813802, -2.94556399, -2.21298996, -1.48041593, -0.7478419 ,
#[Out]#        -0.01526787,  0.71730616,  1.44988019,  2.18245422,  2.91502825,
#[Out]#         3.64760228]), <a list of 10 Patch objects>)
plt.hist(a)
#[Out]# (array([   22.,   107.,   554.,  1606.,  2615.,  2681.,  1684.,   603.,
#[Out]#          109.,    19.]), array([-3.67813802, -2.94556399, -2.21298996, -1.48041593, -0.7478419 ,
#[Out]#        -0.01526787,  0.71730616,  1.44988019,  2.18245422,  2.91502825,
#[Out]#         3.64760228]), <a list of 10 Patch objects>)
plt.hist(a)
#[Out]# (array([   22.,   107.,   554.,  1606.,  2615.,  2681.,  1684.,   603.,
#[Out]#          109.,    19.]), array([-3.67813802, -2.94556399, -2.21298996, -1.48041593, -0.7478419 ,
#[Out]#        -0.01526787,  0.71730616,  1.44988019,  2.18245422,  2.91502825,
#[Out]#         3.64760228]), <a list of 10 Patch objects>)
import matplotlib.pyplot as plt
a = randn(10000)
plt.hist(a)
#[Out]# (array([    6.,    46.,   286.,  1191.,  2540.,  3064.,  2002.,   706.,
#[Out]#          142.,    17.]), array([-4.11255392, -3.33194577, -2.55133762, -1.77072947, -0.99012132,
#[Out]#        -0.20951317,  0.57109498,  1.35170313,  2.13231128,  2.91291943,
#[Out]#         3.69352758]), <a list of 10 Patch objects>)
plt.show()
plt.hist(a)
#[Out]# (array([    6.,    46.,   286.,  1191.,  2540.,  3064.,  2002.,   706.,
#[Out]#          142.,    17.]), array([-4.11255392, -3.33194577, -2.55133762, -1.77072947, -0.99012132,
#[Out]#        -0.20951317,  0.57109498,  1.35170313,  2.13231128,  2.91291943,
#[Out]#         3.69352758]), <a list of 10 Patch objects>)
plt.show()
%logstart -ort studentNames_1_3_2.log
%logstop -ort studentNames_1_3_2.log
%logstart -ort Luis_1_3_2.log
# Luis Torres 1.3.2 iPython log
321 + 13
#[Out]# 334
5 + 4.
#[Out]# 9.0
%cd "\\studenthf.kernhigh.org\Home\547567\iPython"
5*3
#[Out]# 15
5*3.
#[Out]# 15.0
# 5a. int*int returns an int
# but int*float returns a float
7/2
#[Out]# 3
7/2.
#[Out]# 3.5
# 7b.int/int returns int but int/float returns float
%logstop
%logstop
# Wed, 25 Oct 2017 09:52:41
StudentAge = 16
# Wed, 25 Oct 2017 09:52:50
StudentAge'
# Wed, 25 Oct 2017 09:52:56
StudentAge
#[Out]# 16
# Wed, 25 Oct 2017 09:53:55
# 8. Assignment
# Wed, 25 Oct 2017 09:54:37
# 9. Assignment
# Wed, 25 Oct 2017 09:54:48
a
#[Out]# array([ 1.2552478 ,  1.10083169,  0.40067577, ...,  0.41963553,
#[Out]#         0.01892983, -1.17242768])
# Wed, 25 Oct 2017 09:54:57
a = 2
# Wed, 25 Oct 2017 09:54:58
a
#[Out]# 2
# Wed, 25 Oct 2017 09:55:14
a * 7 #multiplication
#[Out]# 14
# Wed, 25 Oct 2017 09:55:26
3 ** 2
#[Out]# 9
# Wed, 25 Oct 2017 09:56:32
23 ** 43
#[Out]# 35834136918934220777541995677272642015423987712183913488967L
# Wed, 25 Oct 2017 10:00:02
abs(-7)
#[Out]# 7
# Wed, 25 Oct 2017 10:14:08
%logstop
